<?xml version="1.0" encoding="UTF-8"?>
<!-- Generated by org.testng.reporters.JUnitReportReporter -->
<testsuite hostname="DESKTOP-CNBB8AT" failures="0" tests="6" name="api.testcases.DDTTest" time="10.376" errors="0" timestamp="2024-04-24T11:40:39 GMT-07:00" skipped="0">
  <testcase classname="api.testcases.DDTTest" name="TestPostUser" time="1.175"/>
  <system-out/>
  <testcase classname="api.testcases.DDTTest" name="TestPostUser" time="4.397"/>
  <system-out/>
  <testcase classname="api.testcases.DDTTest" name="TestPostUser" time="1.276"/>
  <system-out/>
  <testcase classname="api.testcases.DDTTest" name="testDeleteUser" time="1.167"/>
  <system-out/>
  <testcase classname="api.testcases.DDTTest" name="testDeleteUser" time="1.149"/>
  <system-out/>
  <testcase classname="api.testcases.DDTTest" name="testDeleteUser" time="1.212"/>
  <system-out/>
</testsuite> <!-- api.testcases.DDTTest -->
