<?xml version="1.0" encoding="UTF-8"?>
<!-- Generated by org.testng.reporters.JUnitReportReporter -->
<testsuite hostname="DESKTOP-CNBB8AT" failures="0" tests="6" name="api.testcases.DDTTest" time="21.382" errors="0" timestamp="2024-04-25T00:05:53 GMT-07:00" skipped="0">
  <testcase classname="api.testcases.DDTTest" name="TestPostUser" time="7.823"/>
  <system-out/>
  <testcase classname="api.testcases.DDTTest" name="TestPostUser" time="1.356"/>
  <system-out/>
  <testcase classname="api.testcases.DDTTest" name="TestPostUser" time="1.466"/>
  <system-out/>
  <testcase classname="api.testcases.DDTTest" name="testDeleteUser" time="1.668"/>
  <system-out/>
  <testcase classname="api.testcases.DDTTest" name="testDeleteUser" time="2.981"/>
  <system-out/>
  <testcase classname="api.testcases.DDTTest" name="testDeleteUser" time="6.088"/>
  <system-out/>
</testsuite> <!-- api.testcases.DDTTest -->
